<?xml version="1.0" encoding="UTF-8"?>
<coverage generated="1752947679774" clover="3.2.0">
  <project timestamp="1752947679774" name="All files">
    <metrics statements="102" coveredstatements="67" conditionals="54" coveredconditionals="31" methods="27" coveredmethods="23" elements="183" coveredelements="121" complexity="0" loc="102" ncloc="102" packages="2" files="7" classes="7"/>
    <package name="src">
      <metrics statements="61" coveredstatements="26" conditionals="24" coveredconditionals="3" methods="11" coveredmethods="7"/>
      <file name="App.jsx" path="C:\Users\Claudia\Desktop\CursoWD\Proyects\meet-app\src\App.jsx">
        <metrics statements="14" coveredstatements="14" conditionals="2" coveredconditionals="2" methods="4" coveredmethods="4"/>
        <line num="9" count="6" type="stmt"/>
        <line num="10" count="38" type="stmt"/>
        <line num="11" count="38" type="stmt"/>
        <line num="12" count="38" type="stmt"/>
        <line num="13" count="38" type="stmt"/>
        <line num="15" count="38" type="stmt"/>
        <line num="16" count="22" type="stmt"/>
        <line num="17" count="22" type="cond" truecount="2" falsecount="0"/>
        <line num="19" count="66" type="stmt"/>
        <line num="20" count="22" type="stmt"/>
        <line num="21" count="22" type="stmt"/>
        <line num="24" count="38" type="stmt"/>
        <line num="25" count="22" type="stmt"/>
        <line num="28" count="38" type="stmt"/>
      </file>
      <file name="api.js" path="C:\Users\Claudia\Desktop\CursoWD\Proyects\meet-app\src\api.js">
        <metrics statements="46" coveredstatements="11" conditionals="22" coveredconditionals="1" methods="7" coveredmethods="3"/>
        <line num="3" count="3" type="stmt"/>
        <line num="4" count="363" type="stmt"/>
        <line num="5" count="11" type="stmt"/>
        <line num="6" count="11" type="stmt"/>
        <line num="9" count="3" type="stmt"/>
        <line num="10" count="0" type="stmt"/>
        <line num="13" count="0" type="stmt"/>
        <line num="14" count="0" type="stmt"/>
        <line num="17" count="3" type="stmt"/>
        <line num="18" count="12" type="cond" truecount="1" falsecount="1"/>
        <line num="19" count="12" type="stmt"/>
        <line num="22" count="0" type="stmt"/>
        <line num="24" count="0" type="cond" truecount="0" falsecount="2"/>
        <line num="25" count="0" type="stmt"/>
        <line num="27" count="0" type="stmt"/>
        <line num="28" count="0" type="stmt"/>
        <line num="29" count="0" type="stmt"/>
        <line num="30" count="0" type="cond" truecount="0" falsecount="2"/>
        <line num="31" count="0" type="stmt"/>
        <line num="32" count="0" type="stmt"/>
        <line num="36" count="3" type="stmt"/>
        <line num="37" count="0" type="stmt"/>
        <line num="38" count="0" type="cond" truecount="0" falsecount="2"/>
        <line num="40" count="0" type="cond" truecount="0" falsecount="4"/>
        <line num="41" count="0" type="stmt"/>
        <line num="42" count="0" type="stmt"/>
        <line num="43" count="0" type="stmt"/>
        <line num="44" count="0" type="cond" truecount="0" falsecount="2"/>
        <line num="46" count="0" type="stmt"/>
        <line num="47" count="0" type="stmt"/>
        <line num="48" count="0" type="stmt"/>
        <line num="49" count="0" type="stmt"/>
        <line num="51" count="0" type="cond" truecount="0" falsecount="2"/>
        <line num="53" count="0" type="stmt"/>
        <line num="56" count="3" type="stmt"/>
        <line num="58" count="0" type="cond" truecount="0" falsecount="4"/>
        <line num="59" count="0" type="stmt"/>
        <line num="64" count="0" type="stmt"/>
        <line num="66" count="0" type="stmt"/>
        <line num="67" count="0" type="stmt"/>
        <line num="71" count="3" type="stmt"/>
        <line num="72" count="0" type="stmt"/>
        <line num="74" count="0" type="stmt"/>
        <line num="75" count="0" type="stmt"/>
        <line num="76" count="0" type="cond" truecount="0" falsecount="2"/>
        <line num="77" count="0" type="stmt"/>
      </file>
      <file name="mock-data.js" path="C:\Users\Claudia\Desktop\CursoWD\Proyects\meet-app\src\mock-data.js">
        <metrics statements="1" coveredstatements="1" conditionals="0" coveredconditionals="0" methods="0" coveredmethods="0"/>
        <line num="3" count="6" type="stmt"/>
      </file>
    </package>
    <package name="src.components">
      <metrics statements="41" coveredstatements="41" conditionals="30" coveredconditionals="28" methods="16" coveredmethods="16"/>
      <file name="CitySearch.jsx" path="C:\Users\Claudia\Desktop\CursoWD\Proyects\meet-app\src\components\CitySearch.jsx">
        <metrics statements="20" coveredstatements="20" conditionals="4" coveredconditionals="3" methods="7" coveredmethods="7"/>
        <line num="3" count="6" type="stmt"/>
        <line num="4" count="111" type="stmt"/>
        <line num="5" count="111" type="stmt"/>
        <line num="6" count="111" type="stmt"/>
        <line num="8" count="111" type="stmt"/>
        <line num="9" count="30" type="stmt"/>
        <line num="10" count="30" type="cond" truecount="1" falsecount="1"/>
        <line num="11" count="60" type="stmt"/>
        <line num="13" count="30" type="stmt"/>
        <line num="14" count="30" type="stmt"/>
        <line num="17" count="111" type="stmt"/>
        <line num="18" count="33" type="stmt"/>
        <line num="22" count="111" type="stmt"/>
        <line num="23" count="3" type="stmt"/>
        <line num="24" count="3" type="stmt"/>
        <line num="25" count="3" type="stmt"/>
        <line num="26" count="3" type="stmt"/>
        <line num="29" count="111" type="stmt"/>
        <line num="36" count="7" type="stmt"/>
        <line num="42" count="40" type="stmt"/>
      </file>
      <file name="Event.jsx" path="C:\Users\Claudia\Desktop\CursoWD\Proyects\meet-app\src\components\Event.jsx">
        <metrics statements="10" coveredstatements="10" conditionals="20" coveredconditionals="19" methods="5" coveredmethods="5"/>
        <line num="5" count="7" type="stmt"/>
        <line num="7" count="517" type="stmt"/>
        <line num="9" count="517" type="cond" truecount="3" falsecount="1"/>
        <line num="13" count="517" type="cond" truecount="4" falsecount="0"/>
        <line num="17" count="517" type="stmt"/>
        <line num="18" count="1034" type="cond" truecount="2" falsecount="0"/>
        <line num="22" count="517" type="stmt"/>
        <line num="23" count="1034" type="cond" truecount="2" falsecount="0"/>
        <line num="28" count="517" type="stmt"/>
        <line num="55" count="7" type="stmt"/>
      </file>
      <file name="EventList.jsx" path="C:\Users\Claudia\Desktop\CursoWD\Proyects\meet-app\src\components\EventList.jsx">
        <metrics statements="3" coveredstatements="3" conditionals="2" coveredconditionals="2" methods="2" coveredmethods="2"/>
        <line num="4" count="6" type="stmt"/>
        <line num="5" count="41" type="stmt"/>
        <line num="9" count="503" type="stmt"/>
      </file>
      <file name="NumberOfEvents.jsx" path="C:\Users\Claudia\Desktop\CursoWD\Proyects\meet-app\src\components\NumberOfEvents.jsx">
        <metrics statements="8" coveredstatements="8" conditionals="4" coveredconditionals="4" methods="2" coveredmethods="2"/>
        <line num="4" count="7" type="stmt"/>
        <line num="6" count="42" type="stmt"/>
        <line num="7" count="9" type="stmt"/>
        <line num="9" count="9" type="cond" truecount="2" falsecount="0"/>
        <line num="10" count="3" type="stmt"/>
        <line num="11" count="3" type="stmt"/>
        <line num="13" count="6" type="stmt"/>
        <line num="16" count="42" type="stmt"/>
      </file>
    </package>
  </project>
</coverage>
