{"C:\\Users\\Claudia\\Desktop\\CursoWD\\Proyects\\meet-app\\src\\App.jsx": {"path":"C:\\Users\\Claudia\\Desktop\\CursoWD\\Proyects\\meet-app\\src\\App.jsx","statementMap":{"0":{"start":{"line":9,"column":12},"end":{"line":35,"column":1}},"1":{"start":{"line":10,"column":42},"end":{"line":10,"column":54}},"2":{"start":{"line":11,"column":38},"end":{"line":11,"column":50}},"3":{"start":{"line":12,"column":30},"end":{"line":12,"column":42}},"4":{"start":{"line":13,"column":40},"end":{"line":13,"column":66}},"5":{"start":{"line":15,"column":20},"end":{"line":22,"column":3}},"6":{"start":{"line":16,"column":22},"end":{"line":16,"column":39}},"7":{"start":{"line":17,"column":27},"end":{"line":19,"column":65}},"8":{"start":{"line":19,"column":34},"end":{"line":19,"column":64}},"9":{"start":{"line":20,"column":4},"end":{"line":20,"column":51}},"10":{"start":{"line":21,"column":4},"end":{"line":21,"column":49}},"11":{"start":{"line":24,"column":2},"end":{"line":26,"column":32}},"12":{"start":{"line":25,"column":4},"end":{"line":25,"column":16}},"13":{"start":{"line":28,"column":2},"end":{"line":34,"column":4}}},"fnMap":{"0":{"name":"(anonymous_0)","decl":{"start":{"line":9,"column":12},"end":{"line":9,"column":13}},"loc":{"start":{"line":9,"column":18},"end":{"line":35,"column":1}},"line":9},"1":{"name":"(anonymous_1)","decl":{"start":{"line":15,"column":20},"end":{"line":15,"column":21}},"loc":{"start":{"line":15,"column":32},"end":{"line":22,"column":3}},"line":15},"2":{"name":"(anonymous_2)","decl":{"start":{"line":19,"column":25},"end":{"line":19,"column":26}},"loc":{"start":{"line":19,"column":34},"end":{"line":19,"column":64}},"line":19},"3":{"name":"(anonymous_3)","decl":{"start":{"line":24,"column":12},"end":{"line":24,"column":13}},"loc":{"start":{"line":24,"column":18},"end":{"line":26,"column":3}},"line":24}},"branchMap":{"0":{"loc":{"start":{"line":17,"column":27},"end":{"line":19,"column":65}},"type":"cond-expr","locations":[{"start":{"line":18,"column":8},"end":{"line":18,"column":17}},{"start":{"line":19,"column":8},"end":{"line":19,"column":65}}],"line":17}},"s":{"0":6,"1":38,"2":38,"3":38,"4":38,"5":38,"6":22,"7":22,"8":66,"9":22,"10":22,"11":38,"12":22,"13":38},"f":{"0":38,"1":22,"2":66,"3":22},"b":{"0":[20,2]},"_coverageSchema":"1a1c01bbd47fc00a2c39e90264f33305004495a9","hash":"c29e27f13bc27d8dc25d3562222907be4dbd029b"}
,"C:\\Users\\Claudia\\Desktop\\CursoWD\\Proyects\\meet-app\\src\\api.js": {"path":"C:\\Users\\Claudia\\Desktop\\CursoWD\\Proyects\\meet-app\\src\\api.js","statementMap":{"0":{"start":{"line":3,"column":32},"end":{"line":7,"column":1}},"1":{"start":{"line":4,"column":29},"end":{"line":4,"column":66}},"2":{"start":{"line":4,"column":51},"end":{"line":4,"column":65}},"3":{"start":{"line":5,"column":20},"end":{"line":5,"column":52}},"4":{"start":{"line":6,"column":2},"end":{"line":6,"column":19}},"5":{"start":{"line":9,"column":19},"end":{"line":15,"column":1}},"6":{"start":{"line":10,"column":19},"end":{"line":12,"column":3}},"7":{"start":{"line":13,"column":17},"end":{"line":13,"column":38}},"8":{"start":{"line":14,"column":2},"end":{"line":14,"column":16}},"9":{"start":{"line":17,"column":25},"end":{"line":34,"column":1}},"10":{"start":{"line":18,"column":2},"end":{"line":20,"column":3}},"11":{"start":{"line":19,"column":4},"end":{"line":19,"column":20}},"12":{"start":{"line":22,"column":16},"end":{"line":22,"column":38}},"13":{"start":{"line":24,"column":2},"end":{"line":33,"column":3}},"14":{"start":{"line":25,"column":4},"end":{"line":25,"column":18}},"15":{"start":{"line":27,"column":16},"end":{"line":27,"column":103}},"16":{"start":{"line":28,"column":21},"end":{"line":28,"column":37}},"17":{"start":{"line":29,"column":19},"end":{"line":29,"column":40}},"18":{"start":{"line":30,"column":4},"end":{"line":32,"column":23}},"19":{"start":{"line":31,"column":6},"end":{"line":31,"column":27}},"20":{"start":{"line":32,"column":11},"end":{"line":32,"column":23}},"21":{"start":{"line":36,"column":30},"end":{"line":54,"column":1}},"22":{"start":{"line":37,"column":22},"end":{"line":37,"column":58}},"23":{"start":{"line":38,"column":21},"end":{"line":38,"column":67}},"24":{"start":{"line":40,"column":2},"end":{"line":52,"column":3}},"25":{"start":{"line":41,"column":4},"end":{"line":41,"column":50}},"26":{"start":{"line":42,"column":25},"end":{"line":42,"column":68}},"27":{"start":{"line":43,"column":17},"end":{"line":43,"column":47}},"28":{"start":{"line":44,"column":4},"end":{"line":50,"column":5}},"29":{"start":{"line":46,"column":23},"end":{"line":46,"column":116}},"30":{"start":{"line":47,"column":21},"end":{"line":47,"column":42}},"31":{"start":{"line":48,"column":26},"end":{"line":48,"column":32}},"32":{"start":{"line":49,"column":6},"end":{"line":49,"column":46}},"33":{"start":{"line":51,"column":4},"end":{"line":51,"column":34}},"34":{"start":{"line":53,"column":2},"end":{"line":53,"column":21}},"35":{"start":{"line":56,"column":20},"end":{"line":69,"column":1}},"36":{"start":{"line":58,"column":2},"end":{"line":68,"column":3}},"37":{"start":{"line":59,"column":4},"end":{"line":63,"column":31}},"38":{"start":{"line":64,"column":4},"end":{"line":64,"column":45}},"39":{"start":{"line":66,"column":4},"end":{"line":66,"column":68}},"40":{"start":{"line":67,"column":4},"end":{"line":67,"column":45}},"41":{"start":{"line":71,"column":17},"end":{"line":78,"column":1}},"42":{"start":{"line":72,"column":21},"end":{"line":72,"column":45}},"43":{"start":{"line":74,"column":19},"end":{"line":74,"column":119}},"44":{"start":{"line":75,"column":27},"end":{"line":75,"column":48}},"45":{"start":{"line":76,"column":2},"end":{"line":76,"column":69}},"46":{"start":{"line":77,"column":2},"end":{"line":77,"column":22}}},"fnMap":{"0":{"name":"(anonymous_0)","decl":{"start":{"line":3,"column":32},"end":{"line":3,"column":33}},"loc":{"start":{"line":3,"column":44},"end":{"line":7,"column":1}},"line":3},"1":{"name":"(anonymous_1)","decl":{"start":{"line":4,"column":40},"end":{"line":4,"column":41}},"loc":{"start":{"line":4,"column":51},"end":{"line":4,"column":65}},"line":4},"2":{"name":"(anonymous_2)","decl":{"start":{"line":9,"column":19},"end":{"line":9,"column":20}},"loc":{"start":{"line":9,"column":42},"end":{"line":15,"column":1}},"line":9},"3":{"name":"(anonymous_3)","decl":{"start":{"line":17,"column":25},"end":{"line":17,"column":26}},"loc":{"start":{"line":17,"column":37},"end":{"line":34,"column":1}},"line":17},"4":{"name":"(anonymous_4)","decl":{"start":{"line":36,"column":30},"end":{"line":36,"column":31}},"loc":{"start":{"line":36,"column":42},"end":{"line":54,"column":1}},"line":36},"5":{"name":"(anonymous_5)","decl":{"start":{"line":56,"column":20},"end":{"line":56,"column":21}},"loc":{"start":{"line":56,"column":26},"end":{"line":69,"column":1}},"line":56},"6":{"name":"(anonymous_6)","decl":{"start":{"line":71,"column":17},"end":{"line":71,"column":18}},"loc":{"start":{"line":71,"column":33},"end":{"line":78,"column":1}},"line":71}},"branchMap":{"0":{"loc":{"start":{"line":18,"column":2},"end":{"line":20,"column":3}},"type":"if","locations":[{"start":{"line":18,"column":2},"end":{"line":20,"column":3}},{"start":{},"end":{}}],"line":18},"1":{"loc":{"start":{"line":24,"column":2},"end":{"line":33,"column":3}},"type":"if","locations":[{"start":{"line":24,"column":2},"end":{"line":33,"column":3}},{"start":{},"end":{}}],"line":24},"2":{"loc":{"start":{"line":30,"column":4},"end":{"line":32,"column":23}},"type":"if","locations":[{"start":{"line":30,"column":4},"end":{"line":32,"column":23}},{"start":{"line":32,"column":11},"end":{"line":32,"column":23}}],"line":30},"3":{"loc":{"start":{"line":38,"column":21},"end":{"line":38,"column":67}},"type":"binary-expr","locations":[{"start":{"line":38,"column":21},"end":{"line":38,"column":32}},{"start":{"line":38,"column":37},"end":{"line":38,"column":66}}],"line":38},"4":{"loc":{"start":{"line":40,"column":2},"end":{"line":52,"column":3}},"type":"if","locations":[{"start":{"line":40,"column":2},"end":{"line":52,"column":3}},{"start":{},"end":{}}],"line":40},"5":{"loc":{"start":{"line":40,"column":6},"end":{"line":40,"column":38}},"type":"binary-expr","locations":[{"start":{"line":40,"column":6},"end":{"line":40,"column":18}},{"start":{"line":40,"column":22},"end":{"line":40,"column":38}}],"line":40},"6":{"loc":{"start":{"line":44,"column":4},"end":{"line":50,"column":5}},"type":"if","locations":[{"start":{"line":44,"column":4},"end":{"line":50,"column":5}},{"start":{},"end":{}}],"line":44},"7":{"loc":{"start":{"line":51,"column":11},"end":{"line":51,"column":33}},"type":"binary-expr","locations":[{"start":{"line":51,"column":11},"end":{"line":51,"column":15}},{"start":{"line":51,"column":19},"end":{"line":51,"column":33}}],"line":51},"8":{"loc":{"start":{"line":58,"column":2},"end":{"line":68,"column":3}},"type":"if","locations":[{"start":{"line":58,"column":2},"end":{"line":68,"column":3}},{"start":{"line":65,"column":9},"end":{"line":68,"column":3}}],"line":58},"9":{"loc":{"start":{"line":58,"column":6},"end":{"line":58,"column":58}},"type":"binary-expr","locations":[{"start":{"line":58,"column":6},"end":{"line":58,"column":30}},{"start":{"line":58,"column":34},"end":{"line":58,"column":58}}],"line":58},"10":{"loc":{"start":{"line":76,"column":2},"end":{"line":76,"column":68}},"type":"binary-expr","locations":[{"start":{"line":76,"column":2},"end":{"line":76,"column":14}},{"start":{"line":76,"column":18},"end":{"line":76,"column":68}}],"line":76}},"s":{"0":3,"1":11,"2":363,"3":11,"4":11,"5":3,"6":0,"7":0,"8":0,"9":3,"10":12,"11":12,"12":0,"13":0,"14":0,"15":0,"16":0,"17":0,"18":0,"19":0,"20":0,"21":3,"22":0,"23":0,"24":0,"25":0,"26":0,"27":0,"28":0,"29":0,"30":0,"31":0,"32":0,"33":0,"34":0,"35":3,"36":0,"37":0,"38":0,"39":0,"40":0,"41":3,"42":0,"43":0,"44":0,"45":0,"46":0},"f":{"0":11,"1":363,"2":0,"3":12,"4":0,"5":0,"6":0},"b":{"0":[12,0],"1":[0,0],"2":[0,0],"3":[0,0],"4":[0,0],"5":[0,0],"6":[0,0],"7":[0,0],"8":[0,0],"9":[0,0],"10":[0,0]},"_coverageSchema":"1a1c01bbd47fc00a2c39e90264f33305004495a9","hash":"e0805e13d8a51f6e7926679acb0f9ce5033e9576"}
,"C:\\Users\\Claudia\\Desktop\\CursoWD\\Proyects\\meet-app\\src\\mock-data.js": {"path":"C:\\Users\\Claudia\\Desktop\\CursoWD\\Proyects\\meet-app\\src\\mock-data.js","statementMap":{"0":{"start":{"line":3,"column":17},"end":{"line":1291,"column":2}}},"fnMap":{},"branchMap":{},"s":{"0":6},"f":{},"b":{},"_coverageSchema":"1a1c01bbd47fc00a2c39e90264f33305004495a9","hash":"97e5d48f70ebc20ffe729918382871ae837eefa9"}
,"C:\\Users\\Claudia\\Desktop\\CursoWD\\Proyects\\meet-app\\src\\components\\CitySearch.jsx": {"path":"C:\\Users\\Claudia\\Desktop\\CursoWD\\Proyects\\meet-app\\src\\components\\CitySearch.jsx","statementMap":{"0":{"start":{"line":3,"column":19},"end":{"line":52,"column":1}},"1":{"start":{"line":4,"column":48},"end":{"line":4,"column":63}},"2":{"start":{"line":5,"column":28},"end":{"line":5,"column":40}},"3":{"start":{"line":6,"column":40},"end":{"line":6,"column":52}},"4":{"start":{"line":8,"column":29},"end":{"line":15,"column":3}},"5":{"start":{"line":9,"column":18},"end":{"line":9,"column":36}},"6":{"start":{"line":10,"column":30},"end":{"line":12,"column":11}},"7":{"start":{"line":11,"column":6},"end":{"line":11,"column":70}},"8":{"start":{"line":13,"column":4},"end":{"line":13,"column":20}},"9":{"start":{"line":14,"column":4},"end":{"line":14,"column":38}},"10":{"start":{"line":17,"column":2},"end":{"line":19,"column":37}},"11":{"start":{"line":18,"column":4},"end":{"line":18,"column":33}},"12":{"start":{"line":22,"column":28},"end":{"line":27,"column":3}},"13":{"start":{"line":23,"column":18},"end":{"line":23,"column":42}},"14":{"start":{"line":24,"column":4},"end":{"line":24,"column":20}},"15":{"start":{"line":25,"column":4},"end":{"line":25,"column":30}},"16":{"start":{"line":26,"column":4},"end":{"line":26,"column":26}},"17":{"start":{"line":29,"column":2},"end":{"line":51,"column":4}},"18":{"start":{"line":36,"column":23},"end":{"line":36,"column":47}},"19":{"start":{"line":42,"column":12},"end":{"line":42,"column":78}}},"fnMap":{"0":{"name":"(anonymous_0)","decl":{"start":{"line":3,"column":19},"end":{"line":3,"column":20}},"loc":{"start":{"line":3,"column":57},"end":{"line":52,"column":1}},"line":3},"1":{"name":"(anonymous_1)","decl":{"start":{"line":8,"column":29},"end":{"line":8,"column":30}},"loc":{"start":{"line":8,"column":40},"end":{"line":15,"column":3}},"line":8},"2":{"name":"(anonymous_2)","decl":{"start":{"line":10,"column":65},"end":{"line":10,"column":66}},"loc":{"start":{"line":10,"column":79},"end":{"line":12,"column":5}},"line":10},"3":{"name":"(anonymous_3)","decl":{"start":{"line":17,"column":12},"end":{"line":17,"column":13}},"loc":{"start":{"line":17,"column":18},"end":{"line":19,"column":3}},"line":17},"4":{"name":"(anonymous_4)","decl":{"start":{"line":22,"column":28},"end":{"line":22,"column":29}},"loc":{"start":{"line":22,"column":39},"end":{"line":27,"column":3}},"line":22},"5":{"name":"(anonymous_5)","decl":{"start":{"line":36,"column":17},"end":{"line":36,"column":18}},"loc":{"start":{"line":36,"column":23},"end":{"line":36,"column":47}},"line":36},"6":{"name":"(anonymous_6)","decl":{"start":{"line":41,"column":27},"end":{"line":41,"column":28}},"loc":{"start":{"line":42,"column":12},"end":{"line":42,"column":78}},"line":42}},"branchMap":{"0":{"loc":{"start":{"line":10,"column":30},"end":{"line":12,"column":11}},"type":"cond-expr","locations":[{"start":{"line":10,"column":45},"end":{"line":12,"column":6}},{"start":{"line":12,"column":9},"end":{"line":12,"column":11}}],"line":10},"1":{"loc":{"start":{"line":39,"column":7},"end":{"line":48,"column":14}},"type":"cond-expr","locations":[{"start":{"line":40,"column":8},"end":{"line":47,"column":13}},{"start":{"line":48,"column":10},"end":{"line":48,"column":14}}],"line":39}},"s":{"0":6,"1":111,"2":111,"3":111,"4":111,"5":30,"6":30,"7":60,"8":30,"9":30,"10":111,"11":33,"12":111,"13":3,"14":3,"15":3,"16":3,"17":111,"18":7,"19":40},"f":{"0":111,"1":30,"2":60,"3":33,"4":3,"5":7,"6":40},"b":{"0":[30,0],"1":[37,74]},"_coverageSchema":"1a1c01bbd47fc00a2c39e90264f33305004495a9","hash":"e49faa6b102a01763f6a27a4ac4e49779bb9b896"}
,"C:\\Users\\Claudia\\Desktop\\CursoWD\\Proyects\\meet-app\\src\\components\\Event.jsx": {"path":"C:\\Users\\Claudia\\Desktop\\CursoWD\\Proyects\\meet-app\\src\\components\\Event.jsx","statementMap":{"0":{"start":{"line":5,"column":14},"end":{"line":62,"column":1}},"1":{"start":{"line":7,"column":40},"end":{"line":7,"column":55}},"2":{"start":{"line":9,"column":20},"end":{"line":11,"column":10}},"3":{"start":{"line":13,"column":18},"end":{"line":15,"column":10}},"4":{"start":{"line":17,"column":24},"end":{"line":20,"column":10}},"5":{"start":{"line":18,"column":4},"end":{"line":20,"column":10}},"6":{"start":{"line":22,"column":24},"end":{"line":25,"column":10}},"7":{"start":{"line":23,"column":4},"end":{"line":25,"column":10}},"8":{"start":{"line":28,"column":2},"end":{"line":61,"column":4}},"9":{"start":{"line":55,"column":23},"end":{"line":55,"column":54}},"10":{"start":{"line":55,"column":48},"end":{"line":55,"column":53}}},"fnMap":{"0":{"name":"(anonymous_0)","decl":{"start":{"line":5,"column":14},"end":{"line":5,"column":15}},"loc":{"start":{"line":5,"column":29},"end":{"line":62,"column":1}},"line":5},"1":{"name":"(anonymous_1)","decl":{"start":{"line":17,"column":24},"end":{"line":17,"column":25}},"loc":{"start":{"line":18,"column":4},"end":{"line":20,"column":10}},"line":18},"2":{"name":"(anonymous_2)","decl":{"start":{"line":22,"column":24},"end":{"line":22,"column":25}},"loc":{"start":{"line":23,"column":4},"end":{"line":25,"column":10}},"line":23},"3":{"name":"(anonymous_3)","decl":{"start":{"line":55,"column":17},"end":{"line":55,"column":18}},"loc":{"start":{"line":55,"column":23},"end":{"line":55,"column":54}},"line":55},"4":{"name":"(anonymous_4)","decl":{"start":{"line":55,"column":38},"end":{"line":55,"column":39}},"loc":{"start":{"line":55,"column":48},"end":{"line":55,"column":53}},"line":55}},"branchMap":{"0":{"loc":{"start":{"line":9,"column":20},"end":{"line":11,"column":10}},"type":"cond-expr","locations":[{"start":{"line":10,"column":6},"end":{"line":10,"column":36}},{"start":{"line":11,"column":6},"end":{"line":11,"column":10}}],"line":9},"1":{"loc":{"start":{"line":9,"column":20},"end":{"line":9,"column":55}},"type":"binary-expr","locations":[{"start":{"line":9,"column":20},"end":{"line":9,"column":31}},{"start":{"line":9,"column":35},"end":{"line":9,"column":55}}],"line":9},"2":{"loc":{"start":{"line":13,"column":18},"end":{"line":15,"column":10}},"type":"cond-expr","locations":[{"start":{"line":14,"column":6},"end":{"line":14,"column":34}},{"start":{"line":15,"column":6},"end":{"line":15,"column":10}}],"line":13},"3":{"loc":{"start":{"line":13,"column":18},"end":{"line":13,"column":49}},"type":"binary-expr","locations":[{"start":{"line":13,"column":18},"end":{"line":13,"column":27}},{"start":{"line":13,"column":31},"end":{"line":13,"column":49}}],"line":13},"4":{"loc":{"start":{"line":18,"column":4},"end":{"line":20,"column":10}},"type":"cond-expr","locations":[{"start":{"line":19,"column":8},"end":{"line":19,"column":93}},{"start":{"line":20,"column":8},"end":{"line":20,"column":10}}],"line":18},"5":{"loc":{"start":{"line":23,"column":4},"end":{"line":25,"column":10}},"type":"cond-expr","locations":[{"start":{"line":24,"column":8},"end":{"line":24,"column":95}},{"start":{"line":25,"column":8},"end":{"line":25,"column":10}}],"line":23},"6":{"loc":{"start":{"line":29,"column":28},"end":{"line":29,"column":62}},"type":"cond-expr","locations":[{"start":{"line":29,"column":42},"end":{"line":29,"column":57}},{"start":{"line":29,"column":60},"end":{"line":29,"column":62}}],"line":29},"7":{"loc":{"start":{"line":47,"column":9},"end":{"line":51,"column":9}},"type":"binary-expr","locations":[{"start":{"line":47,"column":9},"end":{"line":47,"column":20}},{"start":{"line":48,"column":10},"end":{"line":50,"column":16}}],"line":47},"8":{"loc":{"start":{"line":49,"column":46},"end":{"line":49,"column":93}},"type":"binary-expr","locations":[{"start":{"line":49,"column":46},"end":{"line":49,"column":63}},{"start":{"line":49,"column":67},"end":{"line":49,"column":93}}],"line":49},"9":{"loc":{"start":{"line":57,"column":9},"end":{"line":57,"column":54}},"type":"cond-expr","locations":[{"start":{"line":57,"column":23},"end":{"line":57,"column":37}},{"start":{"line":57,"column":40},"end":{"line":57,"column":54}}],"line":57}},"s":{"0":7,"1":517,"2":517,"3":517,"4":517,"5":1034,"6":517,"7":1034,"8":517,"9":7,"10":7},"f":{"0":517,"1":1034,"2":1034,"3":7,"4":7},"b":{"0":[517,0],"1":[517,517],"2":[513,4],"3":[517,513],"4":[1030,4],"5":[1030,4],"6":[5,512],"7":[517,5],"8":[5,1],"9":[5,512]},"_coverageSchema":"1a1c01bbd47fc00a2c39e90264f33305004495a9","hash":"3c3cf3597c6d47c707bd194114890356041561cc"}
,"C:\\Users\\Claudia\\Desktop\\CursoWD\\Proyects\\meet-app\\src\\components\\EventList.jsx": {"path":"C:\\Users\\Claudia\\Desktop\\CursoWD\\Proyects\\meet-app\\src\\components\\EventList.jsx","statementMap":{"0":{"start":{"line":4,"column":18},"end":{"line":16,"column":1}},"1":{"start":{"line":5,"column":2},"end":{"line":15,"column":4}},"2":{"start":{"line":9,"column":12},"end":{"line":11,"column":17}}},"fnMap":{"0":{"name":"(anonymous_0)","decl":{"start":{"line":4,"column":18},"end":{"line":4,"column":19}},"loc":{"start":{"line":4,"column":34},"end":{"line":16,"column":1}},"line":4},"1":{"name":"(anonymous_1)","decl":{"start":{"line":8,"column":21},"end":{"line":8,"column":22}},"loc":{"start":{"line":9,"column":12},"end":{"line":11,"column":17}},"line":9}},"branchMap":{"0":{"loc":{"start":{"line":7,"column":7},"end":{"line":13,"column":14}},"type":"cond-expr","locations":[{"start":{"line":8,"column":10},"end":{"line":12,"column":12}},{"start":{"line":13,"column":10},"end":{"line":13,"column":14}}],"line":7}},"s":{"0":6,"1":41,"2":503},"f":{"0":41,"1":503},"b":{"0":[39,2]},"_coverageSchema":"1a1c01bbd47fc00a2c39e90264f33305004495a9","hash":"8e648b2521d7b25aa1efe339c6f2d0787cabc0df"}
,"C:\\Users\\Claudia\\Desktop\\CursoWD\\Proyects\\meet-app\\src\\components\\NumberOfEvents.jsx": {"path":"C:\\Users\\Claudia\\Desktop\\CursoWD\\Proyects\\meet-app\\src\\components\\NumberOfEvents.jsx","statementMap":{"0":{"start":{"line":4,"column":23},"end":{"line":28,"column":1}},"1":{"start":{"line":6,"column":29},"end":{"line":14,"column":3}},"2":{"start":{"line":7,"column":23},"end":{"line":7,"column":41}},"3":{"start":{"line":9,"column":4},"end":{"line":12,"column":5}},"4":{"start":{"line":10,"column":6},"end":{"line":10,"column":24}},"5":{"start":{"line":11,"column":6},"end":{"line":11,"column":13}},"6":{"start":{"line":13,"column":4},"end":{"line":13,"column":38}},"7":{"start":{"line":16,"column":2},"end":{"line":27,"column":4}}},"fnMap":{"0":{"name":"(anonymous_0)","decl":{"start":{"line":4,"column":23},"end":{"line":4,"column":24}},"loc":{"start":{"line":4,"column":58},"end":{"line":28,"column":1}},"line":4},"1":{"name":"(anonymous_1)","decl":{"start":{"line":6,"column":29},"end":{"line":6,"column":30}},"loc":{"start":{"line":6,"column":40},"end":{"line":14,"column":3}},"line":6}},"branchMap":{"0":{"loc":{"start":{"line":9,"column":4},"end":{"line":12,"column":5}},"type":"if","locations":[{"start":{"line":9,"column":4},"end":{"line":12,"column":5}},{"start":{},"end":{}}],"line":9},"1":{"loc":{"start":{"line":22,"column":15},"end":{"line":22,"column":50}},"type":"cond-expr","locations":[{"start":{"line":22,"column":35},"end":{"line":22,"column":37}},{"start":{"line":22,"column":40},"end":{"line":22,"column":50}}],"line":22}},"s":{"0":7,"1":42,"2":9,"3":9,"4":3,"5":3,"6":6,"7":42},"f":{"0":42,"1":9},"b":{"0":[3,6],"1":[3,39]},"_coverageSchema":"1a1c01bbd47fc00a2c39e90264f33305004495a9","hash":"34ec6495309426e6bdf3c8d992b65211abed4961"}
}
