{"C:\\Users\\Claudia\\Desktop\\CursoWD\\Proyects\\meet-app\\src\\App.jsx": {"path":"C:\\Users\\Claudia\\Desktop\\CursoWD\\Proyects\\meet-app\\src\\App.jsx","statementMap":{"0":{"start":{"line":7,"column":12},"end":{"line":33,"column":1}},"1":{"start":{"line":8,"column":42},"end":{"line":8,"column":54}},"2":{"start":{"line":9,"column":38},"end":{"line":9,"column":50}},"3":{"start":{"line":10,"column":30},"end":{"line":10,"column":42}},"4":{"start":{"line":11,"column":40},"end":{"line":11,"column":66}},"5":{"start":{"line":13,"column":20},"end":{"line":20,"column":3}},"6":{"start":{"line":14,"column":22},"end":{"line":14,"column":39}},"7":{"start":{"line":15,"column":27},"end":{"line":17,"column":65}},"8":{"start":{"line":17,"column":34},"end":{"line":17,"column":64}},"9":{"start":{"line":18,"column":4},"end":{"line":18,"column":51}},"10":{"start":{"line":19,"column":4},"end":{"line":19,"column":49}},"11":{"start":{"line":22,"column":2},"end":{"line":24,"column":20}},"12":{"start":{"line":23,"column":4},"end":{"line":23,"column":16}},"13":{"start":{"line":26,"column":2},"end":{"line":32,"column":4}}},"fnMap":{"0":{"name":"(anonymous_0)","decl":{"start":{"line":7,"column":12},"end":{"line":7,"column":13}},"loc":{"start":{"line":7,"column":18},"end":{"line":33,"column":1}},"line":7},"1":{"name":"(anonymous_1)","decl":{"start":{"line":13,"column":20},"end":{"line":13,"column":21}},"loc":{"start":{"line":13,"column":32},"end":{"line":20,"column":3}},"line":13},"2":{"name":"(anonymous_2)","decl":{"start":{"line":17,"column":25},"end":{"line":17,"column":26}},"loc":{"start":{"line":17,"column":34},"end":{"line":17,"column":64}},"line":17},"3":{"name":"(anonymous_3)","decl":{"start":{"line":22,"column":12},"end":{"line":22,"column":13}},"loc":{"start":{"line":22,"column":18},"end":{"line":24,"column":3}},"line":22}},"branchMap":{"0":{"loc":{"start":{"line":15,"column":27},"end":{"line":17,"column":65}},"type":"cond-expr","locations":[{"start":{"line":16,"column":8},"end":{"line":16,"column":17}},{"start":{"line":17,"column":8},"end":{"line":17,"column":65}}],"line":15}},"s":{"0":3,"1":10,"2":10,"3":10,"4":10,"5":10,"6":6,"7":6,"8":33,"9":6,"10":6,"11":10,"12":6,"13":10},"f":{"0":10,"1":6,"2":33,"3":6},"b":{"0":[5,1]},"_coverageSchema":"1a1c01bbd47fc00a2c39e90264f33305004495a9","hash":"efe336f9af619041f900af70645d7262f7cd21e6"}
,"C:\\Users\\Claudia\\Desktop\\CursoWD\\Proyects\\meet-app\\src\\api.js": {"path":"C:\\Users\\Claudia\\Desktop\\CursoWD\\Proyects\\meet-app\\src\\api.js","statementMap":{"0":{"start":{"line":3,"column":32},"end":{"line":7,"column":1}},"1":{"start":{"line":4,"column":29},"end":{"line":4,"column":66}},"2":{"start":{"line":4,"column":51},"end":{"line":4,"column":65}},"3":{"start":{"line":5,"column":20},"end":{"line":5,"column":52}},"4":{"start":{"line":6,"column":2},"end":{"line":6,"column":19}},"5":{"start":{"line":9,"column":25},"end":{"line":11,"column":1}},"6":{"start":{"line":10,"column":2},"end":{"line":10,"column":18}}},"fnMap":{"0":{"name":"(anonymous_0)","decl":{"start":{"line":3,"column":32},"end":{"line":3,"column":33}},"loc":{"start":{"line":3,"column":44},"end":{"line":7,"column":1}},"line":3},"1":{"name":"(anonymous_1)","decl":{"start":{"line":4,"column":40},"end":{"line":4,"column":41}},"loc":{"start":{"line":4,"column":51},"end":{"line":4,"column":65}},"line":4},"2":{"name":"(anonymous_2)","decl":{"start":{"line":9,"column":25},"end":{"line":9,"column":26}},"loc":{"start":{"line":9,"column":37},"end":{"line":11,"column":1}},"line":9}},"branchMap":{},"s":{"0":3,"1":8,"2":264,"3":8,"4":8,"5":3,"6":9},"f":{"0":8,"1":264,"2":9},"b":{},"_coverageSchema":"1a1c01bbd47fc00a2c39e90264f33305004495a9","hash":"aab7ee11a0882bde84263701d169aa6c3b6c3733"}
,"C:\\Users\\Claudia\\Desktop\\CursoWD\\Proyects\\meet-app\\src\\mock-data.js": {"path":"C:\\Users\\Claudia\\Desktop\\CursoWD\\Proyects\\meet-app\\src\\mock-data.js","statementMap":{"0":{"start":{"line":3,"column":17},"end":{"line":1291,"column":2}}},"fnMap":{},"branchMap":{},"s":{"0":3},"f":{},"b":{},"_coverageSchema":"1a1c01bbd47fc00a2c39e90264f33305004495a9","hash":"97e5d48f70ebc20ffe729918382871ae837eefa9"}
,"C:\\Users\\Claudia\\Desktop\\CursoWD\\Proyects\\meet-app\\src\\components\\CitySearch.jsx": {"path":"C:\\Users\\Claudia\\Desktop\\CursoWD\\Proyects\\meet-app\\src\\components\\CitySearch.jsx","statementMap":{"0":{"start":{"line":3,"column":19},"end":{"line":52,"column":1}},"1":{"start":{"line":4,"column":48},"end":{"line":4,"column":63}},"2":{"start":{"line":5,"column":28},"end":{"line":5,"column":40}},"3":{"start":{"line":6,"column":40},"end":{"line":6,"column":52}},"4":{"start":{"line":8,"column":29},"end":{"line":15,"column":3}},"5":{"start":{"line":9,"column":18},"end":{"line":9,"column":36}},"6":{"start":{"line":10,"column":30},"end":{"line":12,"column":11}},"7":{"start":{"line":11,"column":6},"end":{"line":11,"column":70}},"8":{"start":{"line":13,"column":4},"end":{"line":13,"column":20}},"9":{"start":{"line":14,"column":4},"end":{"line":14,"column":38}},"10":{"start":{"line":17,"column":2},"end":{"line":19,"column":37}},"11":{"start":{"line":18,"column":4},"end":{"line":18,"column":33}},"12":{"start":{"line":22,"column":28},"end":{"line":27,"column":3}},"13":{"start":{"line":23,"column":18},"end":{"line":23,"column":42}},"14":{"start":{"line":24,"column":4},"end":{"line":24,"column":20}},"15":{"start":{"line":25,"column":4},"end":{"line":25,"column":30}},"16":{"start":{"line":26,"column":4},"end":{"line":26,"column":26}},"17":{"start":{"line":29,"column":2},"end":{"line":51,"column":4}},"18":{"start":{"line":36,"column":23},"end":{"line":36,"column":47}},"19":{"start":{"line":42,"column":12},"end":{"line":42,"column":78}}},"fnMap":{"0":{"name":"(anonymous_0)","decl":{"start":{"line":3,"column":19},"end":{"line":3,"column":20}},"loc":{"start":{"line":3,"column":57},"end":{"line":52,"column":1}},"line":3},"1":{"name":"(anonymous_1)","decl":{"start":{"line":8,"column":29},"end":{"line":8,"column":30}},"loc":{"start":{"line":8,"column":40},"end":{"line":15,"column":3}},"line":8},"2":{"name":"(anonymous_2)","decl":{"start":{"line":10,"column":65},"end":{"line":10,"column":66}},"loc":{"start":{"line":10,"column":79},"end":{"line":12,"column":5}},"line":10},"3":{"name":"(anonymous_3)","decl":{"start":{"line":17,"column":12},"end":{"line":17,"column":13}},"loc":{"start":{"line":17,"column":18},"end":{"line":19,"column":3}},"line":17},"4":{"name":"(anonymous_4)","decl":{"start":{"line":22,"column":28},"end":{"line":22,"column":29}},"loc":{"start":{"line":22,"column":39},"end":{"line":27,"column":3}},"line":22},"5":{"name":"(anonymous_5)","decl":{"start":{"line":36,"column":17},"end":{"line":36,"column":18}},"loc":{"start":{"line":36,"column":23},"end":{"line":36,"column":47}},"line":36},"6":{"name":"(anonymous_6)","decl":{"start":{"line":41,"column":27},"end":{"line":41,"column":28}},"loc":{"start":{"line":42,"column":12},"end":{"line":42,"column":78}},"line":42}},"branchMap":{"0":{"loc":{"start":{"line":10,"column":30},"end":{"line":12,"column":11}},"type":"cond-expr","locations":[{"start":{"line":10,"column":45},"end":{"line":12,"column":6}},{"start":{"line":12,"column":9},"end":{"line":12,"column":11}}],"line":10},"1":{"loc":{"start":{"line":39,"column":7},"end":{"line":48,"column":14}},"type":"cond-expr","locations":[{"start":{"line":40,"column":8},"end":{"line":47,"column":13}},{"start":{"line":48,"column":10},"end":{"line":48,"column":14}}],"line":39}},"s":{"0":3,"1":56,"2":56,"3":56,"4":56,"5":18,"6":18,"7":36,"8":18,"9":18,"10":56,"11":15,"12":56,"13":2,"14":2,"15":2,"16":2,"17":56,"18":5,"19":26},"f":{"0":56,"1":18,"2":36,"3":15,"4":2,"5":5,"6":26},"b":{"0":[18,0],"1":[23,33]},"_coverageSchema":"1a1c01bbd47fc00a2c39e90264f33305004495a9","hash":"e49faa6b102a01763f6a27a4ac4e49779bb9b896"}
,"C:\\Users\\Claudia\\Desktop\\CursoWD\\Proyects\\meet-app\\src\\components\\Event.jsx": {"path":"C:\\Users\\Claudia\\Desktop\\CursoWD\\Proyects\\meet-app\\src\\components\\Event.jsx","statementMap":{"0":{"start":{"line":3,"column":14},"end":{"line":21,"column":1}},"1":{"start":{"line":4,"column":40},"end":{"line":4,"column":55}},"2":{"start":{"line":6,"column":2},"end":{"line":20,"column":4}},"3":{"start":{"line":11,"column":29},"end":{"line":11,"column":57}}},"fnMap":{"0":{"name":"(anonymous_0)","decl":{"start":{"line":3,"column":14},"end":{"line":3,"column":15}},"loc":{"start":{"line":3,"column":29},"end":{"line":21,"column":1}},"line":3},"1":{"name":"(anonymous_1)","decl":{"start":{"line":11,"column":23},"end":{"line":11,"column":24}},"loc":{"start":{"line":11,"column":29},"end":{"line":11,"column":57}},"line":11}},"branchMap":{"0":{"loc":{"start":{"line":12,"column":9},"end":{"line":12,"column":54}},"type":"cond-expr","locations":[{"start":{"line":12,"column":23},"end":{"line":12,"column":37}},{"start":{"line":12,"column":40},"end":{"line":12,"column":54}}],"line":12},"1":{"loc":{"start":{"line":14,"column":7},"end":{"line":18,"column":7}},"type":"binary-expr","locations":[{"start":{"line":14,"column":7},"end":{"line":14,"column":18}},{"start":{"line":15,"column":8},"end":{"line":17,"column":14}}],"line":14},"2":{"loc":{"start":{"line":16,"column":14},"end":{"line":16,"column":62}},"type":"binary-expr","locations":[{"start":{"line":16,"column":14},"end":{"line":16,"column":31}},{"start":{"line":16,"column":35},"end":{"line":16,"column":62}}],"line":16}},"s":{"0":4,"1":127,"2":127,"3":4},"f":{"0":127,"1":4},"b":{"0":[3,124],"1":[127,3],"2":[3,1]},"_coverageSchema":"1a1c01bbd47fc00a2c39e90264f33305004495a9","hash":"b07077db669b38e5a0f7372bbaa10688856cbd2e"}
,"C:\\Users\\Claudia\\Desktop\\CursoWD\\Proyects\\meet-app\\src\\components\\EventList.jsx": {"path":"C:\\Users\\Claudia\\Desktop\\CursoWD\\Proyects\\meet-app\\src\\components\\EventList.jsx","statementMap":{"0":{"start":{"line":4,"column":18},"end":{"line":10,"column":1}},"1":{"start":{"line":5,"column":2},"end":{"line":9,"column":4}},"2":{"start":{"line":7,"column":36},"end":{"line":7,"column":73}}},"fnMap":{"0":{"name":"(anonymous_0)","decl":{"start":{"line":4,"column":18},"end":{"line":4,"column":19}},"loc":{"start":{"line":4,"column":34},"end":{"line":10,"column":1}},"line":4},"1":{"name":"(anonymous_1)","decl":{"start":{"line":7,"column":27},"end":{"line":7,"column":28}},"loc":{"start":{"line":7,"column":36},"end":{"line":7,"column":73}},"line":7}},"branchMap":{"0":{"loc":{"start":{"line":7,"column":7},"end":{"line":7,"column":81}},"type":"cond-expr","locations":[{"start":{"line":7,"column":16},"end":{"line":7,"column":74}},{"start":{"line":7,"column":77},"end":{"line":7,"column":81}}],"line":7}},"s":{"0":3,"1":13,"2":116},"f":{"0":13,"1":116},"b":{"0":[11,2]},"_coverageSchema":"1a1c01bbd47fc00a2c39e90264f33305004495a9","hash":"89b92b6818a789662b17747714824d87837eba39"}
,"C:\\Users\\Claudia\\Desktop\\CursoWD\\Proyects\\meet-app\\src\\components\\NumberOfEvents.jsx": {"path":"C:\\Users\\Claudia\\Desktop\\CursoWD\\Proyects\\meet-app\\src\\components\\NumberOfEvents.jsx","statementMap":{"0":{"start":{"line":4,"column":23},"end":{"line":33,"column":1}},"1":{"start":{"line":6,"column":28},"end":{"line":6,"column":50}},"2":{"start":{"line":8,"column":29},"end":{"line":19,"column":3}},"3":{"start":{"line":9,"column":23},"end":{"line":9,"column":41}},"4":{"start":{"line":11,"column":4},"end":{"line":15,"column":5}},"5":{"start":{"line":12,"column":6},"end":{"line":12,"column":19}},"6":{"start":{"line":13,"column":6},"end":{"line":13,"column":45}},"7":{"start":{"line":13,"column":26},"end":{"line":13,"column":45}},"8":{"start":{"line":14,"column":6},"end":{"line":14,"column":13}},"9":{"start":{"line":16,"column":21},"end":{"line":16,"column":45}},"10":{"start":{"line":17,"column":4},"end":{"line":17,"column":23}},"11":{"start":{"line":18,"column":4},"end":{"line":18,"column":49}},"12":{"start":{"line":18,"column":24},"end":{"line":18,"column":49}},"13":{"start":{"line":21,"column":2},"end":{"line":32,"column":4}}},"fnMap":{"0":{"name":"(anonymous_0)","decl":{"start":{"line":4,"column":23},"end":{"line":4,"column":24}},"loc":{"start":{"line":4,"column":55},"end":{"line":33,"column":1}},"line":4},"1":{"name":"(anonymous_1)","decl":{"start":{"line":8,"column":29},"end":{"line":8,"column":30}},"loc":{"start":{"line":8,"column":40},"end":{"line":19,"column":3}},"line":8}},"branchMap":{"0":{"loc":{"start":{"line":6,"column":37},"end":{"line":6,"column":49}},"type":"binary-expr","locations":[{"start":{"line":6,"column":37},"end":{"line":6,"column":43}},{"start":{"line":6,"column":47},"end":{"line":6,"column":49}}],"line":6},"1":{"loc":{"start":{"line":11,"column":4},"end":{"line":15,"column":5}},"type":"if","locations":[{"start":{"line":11,"column":4},"end":{"line":15,"column":5}},{"start":{},"end":{}}],"line":11},"2":{"loc":{"start":{"line":13,"column":6},"end":{"line":13,"column":45}},"type":"if","locations":[{"start":{"line":13,"column":6},"end":{"line":13,"column":45}},{"start":{},"end":{}}],"line":13},"3":{"loc":{"start":{"line":18,"column":4},"end":{"line":18,"column":49}},"type":"if","locations":[{"start":{"line":18,"column":4},"end":{"line":18,"column":49}},{"start":{},"end":{}}],"line":18},"4":{"loc":{"start":{"line":27,"column":15},"end":{"line":27,"column":39}},"type":"cond-expr","locations":[{"start":{"line":27,"column":29},"end":{"line":27,"column":31}},{"start":{"line":27,"column":34},"end":{"line":27,"column":39}}],"line":27}},"s":{"0":4,"1":16,"2":16,"3":3,"4":3,"5":1,"6":1,"7":0,"8":1,"9":2,"10":2,"11":2,"12":0,"13":16},"f":{"0":16,"1":3},"b":{"0":[16,16],"1":[1,2],"2":[0,1],"3":[0,2],"4":[1,15]},"_coverageSchema":"1a1c01bbd47fc00a2c39e90264f33305004495a9","hash":"cb80e3ad902ae99ffb173929517df2ee76d02a4c"}
}
