TN:
SF:src\App.jsx
FN:9,(anonymous_0)
FN:15,(anonymous_1)
FN:19,(anonymous_2)
FN:24,(anonymous_3)
FNF:4
FNH:4
FNDA:38,(anonymous_0)
FNDA:22,(anonymous_1)
FNDA:66,(anonymous_2)
FNDA:22,(anonymous_3)
DA:9,6
DA:10,38
DA:11,38
DA:12,38
DA:13,38
DA:15,38
DA:16,22
DA:17,22
DA:19,66
DA:20,22
DA:21,22
DA:24,38
DA:25,22
DA:28,38
LF:14
LH:14
BRDA:17,0,0,20
BRDA:17,0,1,2
BRF:2
BRH:2
end_of_record
TN:
SF:src\api.js
FN:3,(anonymous_0)
FN:4,(anonymous_1)
FN:9,(anonymous_2)
FN:17,(anonymous_3)
FN:36,(anonymous_4)
FN:56,(anonymous_5)
FN:71,(anonymous_6)
FNF:7
FNH:3
FNDA:11,(anonymous_0)
FNDA:363,(anonymous_1)
FNDA:0,(anonymous_2)
FNDA:12,(anonymous_3)
FNDA:0,(anonymous_4)
FNDA:0,(anonymous_5)
FNDA:0,(anonymous_6)
DA:3,3
DA:4,363
DA:5,11
DA:6,11
DA:9,3
DA:10,0
DA:13,0
DA:14,0
DA:17,3
DA:18,12
DA:19,12
DA:22,0
DA:24,0
DA:25,0
DA:27,0
DA:28,0
DA:29,0
DA:30,0
DA:31,0
DA:32,0
DA:36,3
DA:37,0
DA:38,0
DA:40,0
DA:41,0
DA:42,0
DA:43,0
DA:44,0
DA:46,0
DA:47,0
DA:48,0
DA:49,0
DA:51,0
DA:53,0
DA:56,3
DA:58,0
DA:59,0
DA:64,0
DA:66,0
DA:67,0
DA:71,3
DA:72,0
DA:74,0
DA:75,0
DA:76,0
DA:77,0
LF:46
LH:11
BRDA:18,0,0,12
BRDA:18,0,1,0
BRDA:24,1,0,0
BRDA:24,1,1,0
BRDA:30,2,0,0
BRDA:30,2,1,0
BRDA:38,3,0,0
BRDA:38,3,1,0
BRDA:40,4,0,0
BRDA:40,4,1,0
BRDA:40,5,0,0
BRDA:40,5,1,0
BRDA:44,6,0,0
BRDA:44,6,1,0
BRDA:51,7,0,0
BRDA:51,7,1,0
BRDA:58,8,0,0
BRDA:58,8,1,0
BRDA:58,9,0,0
BRDA:58,9,1,0
BRDA:76,10,0,0
BRDA:76,10,1,0
BRF:22
BRH:1
end_of_record
TN:
SF:src\mock-data.js
FNF:0
FNH:0
DA:3,6
LF:1
LH:1
BRF:0
BRH:0
end_of_record
TN:
SF:src\components\CitySearch.jsx
FN:3,(anonymous_0)
FN:8,(anonymous_1)
FN:10,(anonymous_2)
FN:17,(anonymous_3)
FN:22,(anonymous_4)
FN:36,(anonymous_5)
FN:41,(anonymous_6)
FNF:7
FNH:7
FNDA:111,(anonymous_0)
FNDA:30,(anonymous_1)
FNDA:60,(anonymous_2)
FNDA:33,(anonymous_3)
FNDA:3,(anonymous_4)
FNDA:7,(anonymous_5)
FNDA:40,(anonymous_6)
DA:3,6
DA:4,111
DA:5,111
DA:6,111
DA:8,111
DA:9,30
DA:10,30
DA:11,60
DA:13,30
DA:14,30
DA:17,111
DA:18,33
DA:22,111
DA:23,3
DA:24,3
DA:25,3
DA:26,3
DA:29,111
DA:36,7
DA:42,40
LF:20
LH:20
BRDA:10,0,0,30
BRDA:10,0,1,0
BRDA:39,1,0,37
BRDA:39,1,1,74
BRF:4
BRH:3
end_of_record
TN:
SF:src\components\Event.jsx
FN:5,(anonymous_0)
FN:17,(anonymous_1)
FN:22,(anonymous_2)
FN:55,(anonymous_3)
FN:55,(anonymous_4)
FNF:5
FNH:5
FNDA:517,(anonymous_0)
FNDA:1034,(anonymous_1)
FNDA:1034,(anonymous_2)
FNDA:7,(anonymous_3)
FNDA:7,(anonymous_4)
DA:5,7
DA:7,517
DA:9,517
DA:13,517
DA:17,517
DA:18,1034
DA:22,517
DA:23,1034
DA:28,517
DA:55,7
LF:10
LH:10
BRDA:9,0,0,517
BRDA:9,0,1,0
BRDA:9,1,0,517
BRDA:9,1,1,517
BRDA:13,2,0,513
BRDA:13,2,1,4
BRDA:13,3,0,517
BRDA:13,3,1,513
BRDA:18,4,0,1030
BRDA:18,4,1,4
BRDA:23,5,0,1030
BRDA:23,5,1,4
BRDA:29,6,0,5
BRDA:29,6,1,512
BRDA:47,7,0,517
BRDA:47,7,1,5
BRDA:49,8,0,5
BRDA:49,8,1,1
BRDA:57,9,0,5
BRDA:57,9,1,512
BRF:20
BRH:19
end_of_record
TN:
SF:src\components\EventList.jsx
FN:4,(anonymous_0)
FN:8,(anonymous_1)
FNF:2
FNH:2
FNDA:41,(anonymous_0)
FNDA:503,(anonymous_1)
DA:4,6
DA:5,41
DA:9,503
LF:3
LH:3
BRDA:7,0,0,39
BRDA:7,0,1,2
BRF:2
BRH:2
end_of_record
TN:
SF:src\components\NumberOfEvents.jsx
FN:4,(anonymous_0)
FN:6,(anonymous_1)
FNF:2
FNH:2
FNDA:42,(anonymous_0)
FNDA:9,(anonymous_1)
DA:4,7
DA:6,42
DA:7,9
DA:9,9
DA:10,3
DA:11,3
DA:13,6
DA:16,42
LF:8
LH:8
BRDA:9,0,0,3
BRDA:9,0,1,6
BRDA:22,1,0,3
BRDA:22,1,1,39
BRF:4
BRH:4
end_of_record
