TN:
SF:src\App.jsx
FN:7,(anonymous_0)
FN:13,(anonymous_1)
FN:17,(anonymous_2)
FN:22,(anonymous_3)
FNF:4
FNH:4
FNDA:20,(anonymous_0)
FNDA:11,(anonymous_1)
FNDA:33,(anonymous_2)
FNDA:11,(anonymous_3)
DA:7,3
DA:8,20
DA:9,20
DA:10,20
DA:11,20
DA:13,20
DA:14,11
DA:15,11
DA:17,33
DA:18,11
DA:19,11
DA:22,20
DA:23,11
DA:26,20
LF:14
LH:14
BRDA:15,0,0,10
BRDA:15,0,1,1
BRF:2
BRH:2
end_of_record
TN:
SF:src\api.js
FN:3,(anonymous_0)
FN:4,(anonymous_1)
FN:9,(anonymous_2)
FN:17,(anonymous_3)
FN:36,(anonymous_4)
FN:56,(anonymous_5)
FN:71,(anonymous_6)
FNF:7
FNH:3
FNDA:13,(anonymous_0)
FNDA:429,(anonymous_1)
FNDA:0,(anonymous_2)
FNDA:14,(anonymous_3)
FNDA:0,(anonymous_4)
FNDA:0,(anonymous_5)
FNDA:0,(anonymous_6)
DA:3,3
DA:4,429
DA:5,13
DA:6,13
DA:9,3
DA:10,0
DA:13,0
DA:14,0
DA:17,3
DA:18,14
DA:19,14
DA:22,0
DA:24,0
DA:25,0
DA:27,0
DA:28,0
DA:29,0
DA:30,0
DA:31,0
DA:32,0
DA:36,3
DA:37,0
DA:38,0
DA:40,0
DA:41,0
DA:42,0
DA:43,0
DA:44,0
DA:46,0
DA:47,0
DA:48,0
DA:49,0
DA:51,0
DA:53,0
DA:56,3
DA:58,0
DA:59,0
DA:64,0
DA:66,0
DA:67,0
DA:71,3
DA:72,0
DA:74,0
DA:75,0
DA:76,0
DA:77,0
LF:46
LH:11
BRDA:18,0,0,14
BRDA:18,0,1,0
BRDA:24,1,0,0
BRDA:24,1,1,0
BRDA:30,2,0,0
BRDA:30,2,1,0
BRDA:38,3,0,0
BRDA:38,3,1,0
BRDA:40,4,0,0
BRDA:40,4,1,0
BRDA:40,5,0,0
BRDA:40,5,1,0
BRDA:44,6,0,0
BRDA:44,6,1,0
BRDA:51,7,0,0
BRDA:51,7,1,0
BRDA:58,8,0,0
BRDA:58,8,1,0
BRDA:58,9,0,0
BRDA:58,9,1,0
BRDA:76,10,0,0
BRDA:76,10,1,0
BRF:22
BRH:1
end_of_record
TN:
SF:src\mock-data.js
FNF:0
FNH:0
DA:3,3
LF:1
LH:1
BRF:0
BRH:0
end_of_record
TN:
SF:src\components\CitySearch.jsx
FN:3,(anonymous_0)
FN:8,(anonymous_1)
FN:10,(anonymous_2)
FN:17,(anonymous_3)
FN:22,(anonymous_4)
FN:36,(anonymous_5)
FN:41,(anonymous_6)
FNF:7
FNH:7
FNDA:68,(anonymous_0)
FNDA:18,(anonymous_1)
FNDA:36,(anonymous_2)
FNDA:17,(anonymous_3)
FNDA:2,(anonymous_4)
FNDA:5,(anonymous_5)
FNDA:26,(anonymous_6)
DA:3,3
DA:4,68
DA:5,68
DA:6,68
DA:8,68
DA:9,18
DA:10,18
DA:11,36
DA:13,18
DA:14,18
DA:17,68
DA:18,17
DA:22,68
DA:23,2
DA:24,2
DA:25,2
DA:26,2
DA:29,68
DA:36,5
DA:42,26
LF:20
LH:20
BRDA:10,0,0,18
BRDA:10,0,1,0
BRDA:39,1,0,23
BRDA:39,1,1,45
BRF:4
BRH:3
end_of_record
TN:
SF:src\components\Event.jsx
FN:3,(anonymous_0)
FN:11,(anonymous_1)
FNF:2
FNH:2
FNDA:209,(anonymous_0)
FNDA:4,(anonymous_1)
DA:3,4
DA:4,209
DA:6,209
DA:11,4
LF:4
LH:4
BRDA:12,0,0,3
BRDA:12,0,1,206
BRDA:14,1,0,209
BRDA:14,1,1,3
BRDA:16,2,0,3
BRDA:16,2,1,1
BRF:6
BRH:6
end_of_record
TN:
SF:src\components\EventList.jsx
FN:4,(anonymous_0)
FN:7,(anonymous_1)
FNF:2
FNH:2
FNDA:23,(anonymous_0)
FNDA:198,(anonymous_1)
DA:4,3
DA:5,23
DA:7,198
LF:3
LH:3
BRDA:7,0,0,21
BRDA:7,0,1,2
BRF:2
BRH:2
end_of_record
TN:
SF:src\components\NumberOfEvents.jsx
FN:4,(anonymous_0)
FN:6,(anonymous_1)
FNF:2
FNH:2
FNDA:24,(anonymous_0)
FNDA:7,(anonymous_1)
DA:4,4
DA:6,24
DA:7,7
DA:9,7
DA:10,2
DA:11,2
DA:13,5
DA:16,24
LF:8
LH:8
BRDA:9,0,0,2
BRDA:9,0,1,5
BRDA:22,1,0,2
BRDA:22,1,1,22
BRF:4
BRH:4
end_of_record
